================================================================================
================== CRT STRESS TEST - MEMORY & TRUST ANALYSIS ===================
================================================================================
D:/AI_round2/.venv/Scripts/python.exe : Traceback (most recent call last):
At line:1 char:1
+ D:/AI_round2/.venv/Scripts/python.exe crt_stress_test.py 2>&1 | Out-F ...
+ ~~~~~~~~~~~~~~~~~~~~~~~~~~~~~~~~~~~~~~~~~~~~~~~~~~~~~~~~~~~~~
    + CategoryInfo          : NotSpecified: (Traceback (most recent call last)::String) [ 
   ], RemoteException
    + FullyQualifiedErrorId : NativeCommandError
 
  File "D:\AI_round2\crt_stress_test.py", line 88, in <module>
    print("\n\U0001f52c PHASE 1: BASELINE FACT ESTABLISHMENT")
    ~~~~~^^^^^^^^^^^^^^^^^^^^^^^^^^^^^^^^^^^^^^^^^^^^^
  File "C:\Users\block\AppData\Local\Programs\Python\Python313\Lib\encodings\cp1252.py", 
line 19, in encode
    return codecs.charmap_encode(input,self.errors,encoding_table)[0]
           ~~~~~~~~~~~~~~~~~~~~~^^^^^^^^^^^^^^^^^^^^^^^^^^^^^^^^^^
UnicodeEncodeError: 'charmap' codec can't encode character '\U0001f52c' in position 2: 
character maps to <undefined>
